<?xml version="1.0" encoding="UTF-8"?>
<!-- Generated by org.testng.reporters.JUnitReportReporter -->
<testsuite skipped="0" hostname="user-PC" name="Practice_lex" tests="1" failures="0" timestamp="09 Feb 2020 08:11:10 GMT" time="0.015" errors="0">
  <testcase name="login" time="0.015" classname="Practice_lex"/>
</testsuite> <!-- Practice_lex -->
