<?xml version="1.0" encoding="UTF-8"?>
<!-- Generated by org.testng.reporters.JUnitReportReporter -->
<testsuite skipped="0" hostname="user-PC" name="LexRun" tests="2" failures="0" timestamp="02 Feb 2020 12:57:42 GMT" time="31.081" errors="0">
  <testcase name="test" time="13.746" classname="LexRun"/>
  <testcase name="test" time="17.335" classname="LexRun"/>
</testsuite> <!-- LexRun -->
